2018-07-04 07:22:05.934  INFO 220 --- [main] c.c.c.C.CeibaEstacionamientoApplication  : Starting CeibaEstacionamientoApplication on MARIA-MOLINA with PID 220 (C:\Users\maria.molina\git\Ceiba-Estacionamiento\bin\main started by maria.molina in C:\Users\maria.molina\git\Ceiba-Estacionamiento)
2018-07-04 07:22:05.946  INFO 220 --- [main] c.c.c.C.CeibaEstacionamientoApplication  : No active profile set, falling back to default profiles: default
2018-07-04 07:22:06.009  INFO 220 --- [main] ConfigServletWebServerApplicationContext : Refreshing org.springframework.boot.web.servlet.context.AnnotationConfigServletWebServerApplicationContext@4567f35d: startup date [Wed Jul 04 07:22:06 COT 2018]; root of context hierarchy
2018-07-04 07:22:07.282  INFO 220 --- [main] trationDelegate$BeanPostProcessorChecker : Bean 'org.springframework.transaction.annotation.ProxyTransactionManagementConfiguration' of type [org.springframework.transaction.annotation.ProxyTransactionManagementConfiguration$$EnhancerBySpringCGLIB$$57768e3e] is not eligible for getting processed by all BeanPostProcessors (for example: not eligible for auto-proxying)
2018-07-04 07:22:07.808  INFO 220 --- [main] o.s.b.w.embedded.tomcat.TomcatWebServer  : Tomcat initialized with port(s): 9024 (http)
2018-07-04 07:22:07.843  INFO 220 --- [main] o.apache.catalina.core.StandardService   : Starting service [Tomcat]
2018-07-04 07:22:07.843  INFO 220 --- [main] org.apache.catalina.core.StandardEngine  : Starting Servlet Engine: Apache Tomcat/8.5.31
2018-07-04 07:22:07.852  INFO 220 --- [localhost-startStop-1] o.a.catalina.core.AprLifecycleListener   : The APR based Apache Tomcat Native library which allows optimal performance in production environments was not found on the java.library.path: [C:\Program Files\Java\jre1.8.0_172\bin;C:\Windows\Sun\Java\bin;C:\Windows\system32;C:\Windows;C:/Program Files/Java/jre1.8.0_172/bin/server;C:/Program Files/Java/jre1.8.0_172/bin;C:/Program Files/Java/jre1.8.0_172/lib/amd64;C:\Oracle\product\11.1.0\client_1\bin;C:\Program Files\CollabNet\Subversion Client;C:\Windows\system32;C:\Windows;C:\Windows\System32\Wbem;C:\Windows\System32\WindowsPowerShell\v1.0\;C:\Windows\System32\OpenSSH\;C:\Program Files\TortoiseSVN\bin;C:\Program Files\Git\cmd;%JAVA_HOME%\bin;C:\Program Files\nodejs\;C:\Users\maria.molina\AppData\Local\Microsoft\WindowsApps;C:\Users\maria.molina\AppData\Roaming\npm;C:\Users\maria.molina\eclipse\jee-oxygen2\eclipse;;.]
2018-07-04 07:22:07.978  INFO 220 --- [localhost-startStop-1] o.a.c.c.C.[Tomcat].[localhost].[/]       : Initializing Spring embedded WebApplicationContext
2018-07-04 07:22:07.979  INFO 220 --- [localhost-startStop-1] o.s.web.context.ContextLoader            : Root WebApplicationContext: initialization completed in 1970 ms
2018-07-04 07:22:08.107  INFO 220 --- [localhost-startStop-1] o.s.b.w.servlet.ServletRegistrationBean  : Servlet dispatcherServlet mapped to [/estacionamiento/*]
2018-07-04 07:22:08.111  INFO 220 --- [localhost-startStop-1] o.s.b.w.servlet.FilterRegistrationBean   : Mapping filter: 'characterEncodingFilter' to: [/*]
2018-07-04 07:22:08.112  INFO 220 --- [localhost-startStop-1] o.s.b.w.servlet.FilterRegistrationBean   : Mapping filter: 'hiddenHttpMethodFilter' to: [/*]
2018-07-04 07:22:08.112  INFO 220 --- [localhost-startStop-1] o.s.b.w.servlet.FilterRegistrationBean   : Mapping filter: 'httpPutFormContentFilter' to: [/*]
2018-07-04 07:22:08.112  INFO 220 --- [localhost-startStop-1] o.s.b.w.servlet.FilterRegistrationBean   : Mapping filter: 'requestContextFilter' to: [/*]
2018-07-04 07:22:08.304  INFO 220 --- [main] com.zaxxer.hikari.HikariDataSource       : HikariPool-1 - Starting...
2018-07-04 07:22:08.895  INFO 220 --- [main] com.zaxxer.hikari.HikariDataSource       : HikariPool-1 - Start completed.
2018-07-04 07:22:08.955  INFO 220 --- [main] j.LocalContainerEntityManagerFactoryBean : Building JPA container EntityManagerFactory for persistence unit 'default'
2018-07-04 07:22:08.985  INFO 220 --- [main] o.hibernate.jpa.internal.util.LogHelper  : HHH000204: Processing PersistenceUnitInfo [
	name: default
	...]
2018-07-04 07:22:09.138  INFO 220 --- [main] org.hibernate.Version                    : HHH000412: Hibernate Core {5.2.9.Final}
2018-07-04 07:22:09.141  INFO 220 --- [main] org.hibernate.cfg.Environment            : HHH000206: hibernate.properties not found
2018-07-04 07:22:09.206  INFO 220 --- [main] o.hibernate.annotations.common.Version   : HCANN000001: Hibernate Commons Annotations {5.0.1.Final}
2018-07-04 07:22:09.385  INFO 220 --- [main] org.hibernate.dialect.Dialect            : HHH000400: Using dialect: org.hibernate.dialect.MySQL5Dialect
2018-07-04 07:22:10.015  INFO 220 --- [main] j.LocalContainerEntityManagerFactoryBean : Initialized JPA EntityManagerFactory for persistence unit 'default'
2018-07-04 07:22:10.248  INFO 220 --- [main] o.s.w.s.handler.SimpleUrlHandlerMapping  : Mapped URL path [/**/favicon.ico] onto handler of type [class org.springframework.web.servlet.resource.ResourceHttpRequestHandler]
2018-07-04 07:22:10.547  INFO 220 --- [main] s.w.s.m.m.a.RequestMappingHandlerAdapter : Looking for @ControllerAdvice: org.springframework.boot.web.servlet.context.AnnotationConfigServletWebServerApplicationContext@4567f35d: startup date [Wed Jul 04 07:22:06 COT 2018]; root of context hierarchy
2018-07-04 07:22:10.608  WARN 220 --- [main] aWebConfiguration$JpaWebMvcConfiguration : spring.jpa.open-in-view is enabled by default. Therefore, database queries may be performed during view rendering. Explicitly configure spring.jpa.open-in-view to disable this warning
2018-07-04 07:22:10.651  INFO 220 --- [main] s.w.s.m.m.a.RequestMappingHandlerMapping : Mapped "{[/vehiculo],methods=[POST]}" onto public co.com.ceiba.CeibaEstacionamiento.model.VehiculoModel co.com.ceiba.CeibaEstacionamiento.controllers.VehiculoController.crearVehiculo(co.com.ceiba.CeibaEstacionamiento.model.VehiculoModel)
2018-07-04 07:22:10.654  INFO 220 --- [main] s.w.s.m.m.a.RequestMappingHandlerMapping : Mapped "{[/vehiculo/contarMotos],methods=[GET]}" onto public java.lang.Integer co.com.ceiba.CeibaEstacionamiento.controllers.VehiculoController.contarMotos(javax.servlet.http.HttpServletResponse)
2018-07-04 07:22:10.655  INFO 220 --- [main] s.w.s.m.m.a.RequestMappingHandlerMapping : Mapped "{[/vehiculo],methods=[PUT]}" onto public co.com.ceiba.CeibaEstacionamiento.model.VehiculoModel co.com.ceiba.CeibaEstacionamiento.controllers.VehiculoController.salidaVehiculo(co.com.ceiba.CeibaEstacionamiento.model.VehiculoModel)
2018-07-04 07:22:10.655  INFO 220 --- [main] s.w.s.m.m.a.RequestMappingHandlerMapping : Mapped "{[/vehiculo/contarCarros],methods=[GET]}" onto public java.lang.Integer co.com.ceiba.CeibaEstacionamiento.controllers.VehiculoController.contarCarros(javax.servlet.http.HttpServletResponse)
2018-07-04 07:22:10.657  INFO 220 --- [main] s.w.s.m.m.a.RequestMappingHandlerMapping : Mapped "{[/vehiculoestacionado/listaMotos],methods=[GET]}" onto public java.lang.String co.com.ceiba.CeibaEstacionamiento.controllers.VehiculoEstacionadoController.listadoMotosEstacionados(javax.servlet.http.HttpServletResponse)
2018-07-04 07:22:10.657  INFO 220 --- [main] s.w.s.m.m.a.RequestMappingHandlerMapping : Mapped "{[/vehiculoestacionado/precio],methods=[PUT]}" onto public java.lang.String co.com.ceiba.CeibaEstacionamiento.controllers.VehiculoEstacionadoController.precioEstacionamiento(co.com.ceiba.CeibaEstacionamiento.model.VehiculoModel,javax.servlet.http.HttpServletResponse)
2018-07-04 07:22:10.658  INFO 220 --- [main] s.w.s.m.m.a.RequestMappingHandlerMapping : Mapped "{[/vehiculoestacionado/listaCarros],methods=[GET]}" onto public java.lang.String co.com.ceiba.CeibaEstacionamiento.controllers.VehiculoEstacionadoController.listadoCarrosEstacionados(javax.servlet.http.HttpServletResponse)
2018-07-04 07:22:10.661  INFO 220 --- [main] s.w.s.m.m.a.RequestMappingHandlerMapping : Mapped "{[/error]}" onto public org.springframework.http.ResponseEntity<java.util.Map<java.lang.String, java.lang.Object>> org.springframework.boot.autoconfigure.web.servlet.error.BasicErrorController.error(javax.servlet.http.HttpServletRequest)
2018-07-04 07:22:10.662  INFO 220 --- [main] s.w.s.m.m.a.RequestMappingHandlerMapping : Mapped "{[/error],produces=[text/html]}" onto public org.springframework.web.servlet.ModelAndView org.springframework.boot.autoconfigure.web.servlet.error.BasicErrorController.errorHtml(javax.servlet.http.HttpServletRequest,javax.servlet.http.HttpServletResponse)
2018-07-04 07:22:10.689  INFO 220 --- [main] o.s.w.s.handler.SimpleUrlHandlerMapping  : Mapped URL path [/webjars/**] onto handler of type [class org.springframework.web.servlet.resource.ResourceHttpRequestHandler]
2018-07-04 07:22:10.690  INFO 220 --- [main] o.s.w.s.handler.SimpleUrlHandlerMapping  : Mapped URL path [/**] onto handler of type [class org.springframework.web.servlet.resource.ResourceHttpRequestHandler]
2018-07-04 07:22:10.704  INFO 220 --- [main] .m.m.a.ExceptionHandlerExceptionResolver : Detected @ExceptionHandler methods in exceptionHandlerr
2018-07-04 07:22:11.027  INFO 220 --- [main] o.s.j.e.a.AnnotationMBeanExporter        : Registering beans for JMX exposure on startup
2018-07-04 07:22:11.029  INFO 220 --- [main] o.s.j.e.a.AnnotationMBeanExporter        : Bean with name 'dataSource' has been autodetected for JMX exposure
2018-07-04 07:22:11.034  INFO 220 --- [main] o.s.j.e.a.AnnotationMBeanExporter        : Located MBean 'dataSource': registering with JMX server as MBean [com.zaxxer.hikari:name=dataSource,type=HikariDataSource]
2018-07-04 07:22:11.068  INFO 220 --- [main] o.s.b.w.embedded.tomcat.TomcatWebServer  : Tomcat started on port(s): 9024 (http) with context path ''
2018-07-04 07:22:11.071  INFO 220 --- [main] c.c.c.C.CeibaEstacionamientoApplication  : Started CeibaEstacionamientoApplication in 5.606 seconds (JVM running for 6.128)
2018-07-04 07:24:47.289  INFO 16380 --- [main] c.c.c.C.CeibaEstacionamientoApplication  : Starting CeibaEstacionamientoApplication on MARIA-MOLINA with PID 16380 (C:\Users\maria.molina\git\Ceiba-Estacionamiento\bin\main started by maria.molina in C:\Users\maria.molina\git\Ceiba-Estacionamiento)
2018-07-04 07:24:47.292  INFO 16380 --- [main] c.c.c.C.CeibaEstacionamientoApplication  : No active profile set, falling back to default profiles: default
2018-07-04 07:24:47.345  INFO 16380 --- [main] ConfigServletWebServerApplicationContext : Refreshing org.springframework.boot.web.servlet.context.AnnotationConfigServletWebServerApplicationContext@294425a7: startup date [Wed Jul 04 07:24:47 COT 2018]; root of context hierarchy
2018-07-04 07:24:48.407  INFO 16380 --- [main] trationDelegate$BeanPostProcessorChecker : Bean 'org.springframework.transaction.annotation.ProxyTransactionManagementConfiguration' of type [org.springframework.transaction.annotation.ProxyTransactionManagementConfiguration$$EnhancerBySpringCGLIB$$51e06e95] is not eligible for getting processed by all BeanPostProcessors (for example: not eligible for auto-proxying)
2018-07-04 07:24:48.886  INFO 16380 --- [main] o.s.b.w.embedded.tomcat.TomcatWebServer  : Tomcat initialized with port(s): 9024 (http)
2018-07-04 07:24:48.915  INFO 16380 --- [main] o.apache.catalina.core.StandardService   : Starting service [Tomcat]
2018-07-04 07:24:48.916  INFO 16380 --- [main] org.apache.catalina.core.StandardEngine  : Starting Servlet Engine: Apache Tomcat/8.5.31
2018-07-04 07:24:48.925  INFO 16380 --- [localhost-startStop-1] o.a.catalina.core.AprLifecycleListener   : The APR based Apache Tomcat Native library which allows optimal performance in production environments was not found on the java.library.path: [C:\Program Files\Java\jre1.8.0_172\bin;C:\Windows\Sun\Java\bin;C:\Windows\system32;C:\Windows;C:/Program Files/Java/jre1.8.0_172/bin/server;C:/Program Files/Java/jre1.8.0_172/bin;C:/Program Files/Java/jre1.8.0_172/lib/amd64;C:\Oracle\product\11.1.0\client_1\bin;C:\Program Files\CollabNet\Subversion Client;C:\Windows\system32;C:\Windows;C:\Windows\System32\Wbem;C:\Windows\System32\WindowsPowerShell\v1.0\;C:\Windows\System32\OpenSSH\;C:\Program Files\TortoiseSVN\bin;C:\Program Files\Git\cmd;%JAVA_HOME%\bin;C:\Program Files\nodejs\;C:\Users\maria.molina\AppData\Local\Microsoft\WindowsApps;C:\Users\maria.molina\AppData\Roaming\npm;C:\Users\maria.molina\eclipse\jee-oxygen2\eclipse;;.]
2018-07-04 07:24:49.048  INFO 16380 --- [localhost-startStop-1] o.a.c.c.C.[Tomcat].[localhost].[/]       : Initializing Spring embedded WebApplicationContext
2018-07-04 07:24:49.048  INFO 16380 --- [localhost-startStop-1] o.s.web.context.ContextLoader            : Root WebApplicationContext: initialization completed in 1703 ms
2018-07-04 07:24:49.191  INFO 16380 --- [localhost-startStop-1] o.s.b.w.servlet.ServletRegistrationBean  : Servlet dispatcherServlet mapped to [/estacionamiento/*]
2018-07-04 07:24:49.196  INFO 16380 --- [localhost-startStop-1] o.s.b.w.servlet.FilterRegistrationBean   : Mapping filter: 'characterEncodingFilter' to: [/*]
2018-07-04 07:24:49.197  INFO 16380 --- [localhost-startStop-1] o.s.b.w.servlet.FilterRegistrationBean   : Mapping filter: 'hiddenHttpMethodFilter' to: [/*]
2018-07-04 07:24:49.197  INFO 16380 --- [localhost-startStop-1] o.s.b.w.servlet.FilterRegistrationBean   : Mapping filter: 'httpPutFormContentFilter' to: [/*]
2018-07-04 07:24:49.198  INFO 16380 --- [localhost-startStop-1] o.s.b.w.servlet.FilterRegistrationBean   : Mapping filter: 'requestContextFilter' to: [/*]
2018-07-04 07:24:49.368  INFO 16380 --- [main] com.zaxxer.hikari.HikariDataSource       : HikariPool-1 - Starting...
2018-07-04 07:24:50.048  INFO 16380 --- [main] com.zaxxer.hikari.HikariDataSource       : HikariPool-1 - Start completed.
2018-07-04 07:24:50.095  INFO 16380 --- [main] j.LocalContainerEntityManagerFactoryBean : Building JPA container EntityManagerFactory for persistence unit 'default'
2018-07-04 07:24:50.114  INFO 16380 --- [main] o.hibernate.jpa.internal.util.LogHelper  : HHH000204: Processing PersistenceUnitInfo [
	name: default
	...]
2018-07-04 07:24:50.209  INFO 16380 --- [main] org.hibernate.Version                    : HHH000412: Hibernate Core {5.2.9.Final}
2018-07-04 07:24:50.211  INFO 16380 --- [main] org.hibernate.cfg.Environment            : HHH000206: hibernate.properties not found
2018-07-04 07:24:50.273  INFO 16380 --- [main] o.hibernate.annotations.common.Version   : HCANN000001: Hibernate Commons Annotations {5.0.1.Final}
2018-07-04 07:24:50.441  INFO 16380 --- [main] org.hibernate.dialect.Dialect            : HHH000400: Using dialect: org.hibernate.dialect.MySQL5Dialect
2018-07-04 07:24:50.997  INFO 16380 --- [main] j.LocalContainerEntityManagerFactoryBean : Initialized JPA EntityManagerFactory for persistence unit 'default'
2018-07-04 07:24:51.209  INFO 16380 --- [main] o.s.w.s.handler.SimpleUrlHandlerMapping  : Mapped URL path [/**/favicon.ico] onto handler of type [class org.springframework.web.servlet.resource.ResourceHttpRequestHandler]
2018-07-04 07:24:51.486  INFO 16380 --- [main] s.w.s.m.m.a.RequestMappingHandlerAdapter : Looking for @ControllerAdvice: org.springframework.boot.web.servlet.context.AnnotationConfigServletWebServerApplicationContext@294425a7: startup date [Wed Jul 04 07:24:47 COT 2018]; root of context hierarchy
2018-07-04 07:24:51.533  WARN 16380 --- [main] aWebConfiguration$JpaWebMvcConfiguration : spring.jpa.open-in-view is enabled by default. Therefore, database queries may be performed during view rendering. Explicitly configure spring.jpa.open-in-view to disable this warning
2018-07-04 07:24:51.577  INFO 16380 --- [main] s.w.s.m.m.a.RequestMappingHandlerMapping : Mapped "{[/vehiculo],methods=[POST]}" onto public co.com.ceiba.CeibaEstacionamiento.model.VehiculoModel co.com.ceiba.CeibaEstacionamiento.controllers.VehiculoController.crearVehiculo(co.com.ceiba.CeibaEstacionamiento.model.VehiculoModel)
2018-07-04 07:24:51.579  INFO 16380 --- [main] s.w.s.m.m.a.RequestMappingHandlerMapping : Mapped "{[/vehiculo/contarCarros],methods=[GET]}" onto public java.lang.Integer co.com.ceiba.CeibaEstacionamiento.controllers.VehiculoController.contarCarros(javax.servlet.http.HttpServletResponse)
2018-07-04 07:24:51.579  INFO 16380 --- [main] s.w.s.m.m.a.RequestMappingHandlerMapping : Mapped "{[/vehiculo],methods=[PUT]}" onto public co.com.ceiba.CeibaEstacionamiento.model.VehiculoModel co.com.ceiba.CeibaEstacionamiento.controllers.VehiculoController.salidaVehiculo(co.com.ceiba.CeibaEstacionamiento.model.VehiculoModel)
2018-07-04 07:24:51.580  INFO 16380 --- [main] s.w.s.m.m.a.RequestMappingHandlerMapping : Mapped "{[/vehiculo/contarMotos],methods=[GET]}" onto public java.lang.Integer co.com.ceiba.CeibaEstacionamiento.controllers.VehiculoController.contarMotos(javax.servlet.http.HttpServletResponse)
2018-07-04 07:24:51.581  INFO 16380 --- [main] s.w.s.m.m.a.RequestMappingHandlerMapping : Mapped "{[/vehiculoestacionado/precio],methods=[PUT]}" onto public java.lang.String co.com.ceiba.CeibaEstacionamiento.controllers.VehiculoEstacionadoController.precioEstacionamiento(co.com.ceiba.CeibaEstacionamiento.model.VehiculoModel,javax.servlet.http.HttpServletResponse)
2018-07-04 07:24:51.582  INFO 16380 --- [main] s.w.s.m.m.a.RequestMappingHandlerMapping : Mapped "{[/vehiculoestacionado/listaMotos],methods=[GET]}" onto public java.lang.String co.com.ceiba.CeibaEstacionamiento.controllers.VehiculoEstacionadoController.listadoMotosEstacionados(javax.servlet.http.HttpServletResponse)
2018-07-04 07:24:51.583  INFO 16380 --- [main] s.w.s.m.m.a.RequestMappingHandlerMapping : Mapped "{[/vehiculoestacionado/listaCarros],methods=[GET]}" onto public java.lang.String co.com.ceiba.CeibaEstacionamiento.controllers.VehiculoEstacionadoController.listadoCarrosEstacionados(javax.servlet.http.HttpServletResponse)
2018-07-04 07:24:51.586  INFO 16380 --- [main] s.w.s.m.m.a.RequestMappingHandlerMapping : Mapped "{[/error]}" onto public org.springframework.http.ResponseEntity<java.util.Map<java.lang.String, java.lang.Object>> org.springframework.boot.autoconfigure.web.servlet.error.BasicErrorController.error(javax.servlet.http.HttpServletRequest)
2018-07-04 07:24:51.587  INFO 16380 --- [main] s.w.s.m.m.a.RequestMappingHandlerMapping : Mapped "{[/error],produces=[text/html]}" onto public org.springframework.web.servlet.ModelAndView org.springframework.boot.autoconfigure.web.servlet.error.BasicErrorController.errorHtml(javax.servlet.http.HttpServletRequest,javax.servlet.http.HttpServletResponse)
2018-07-04 07:24:51.618  INFO 16380 --- [main] o.s.w.s.handler.SimpleUrlHandlerMapping  : Mapped URL path [/webjars/**] onto handler of type [class org.springframework.web.servlet.resource.ResourceHttpRequestHandler]
2018-07-04 07:24:51.618  INFO 16380 --- [main] o.s.w.s.handler.SimpleUrlHandlerMapping  : Mapped URL path [/**] onto handler of type [class org.springframework.web.servlet.resource.ResourceHttpRequestHandler]
2018-07-04 07:24:51.636  INFO 16380 --- [main] .m.m.a.ExceptionHandlerExceptionResolver : Detected @ExceptionHandler methods in exceptionHandlerr
2018-07-04 07:24:51.974  INFO 16380 --- [main] o.s.j.e.a.AnnotationMBeanExporter        : Registering beans for JMX exposure on startup
2018-07-04 07:24:51.976  INFO 16380 --- [main] o.s.j.e.a.AnnotationMBeanExporter        : Bean with name 'dataSource' has been autodetected for JMX exposure
2018-07-04 07:24:51.982  INFO 16380 --- [main] o.s.j.e.a.AnnotationMBeanExporter        : Located MBean 'dataSource': registering with JMX server as MBean [com.zaxxer.hikari:name=dataSource,type=HikariDataSource]
2018-07-04 07:24:52.030  INFO 16380 --- [main] o.s.b.w.embedded.tomcat.TomcatWebServer  : Tomcat started on port(s): 9024 (http) with context path ''
2018-07-04 07:24:52.035  INFO 16380 --- [main] c.c.c.C.CeibaEstacionamientoApplication  : Started CeibaEstacionamientoApplication in 5.176 seconds (JVM running for 5.733)
2018-07-04 07:35:52.058  INFO 16844 --- [main] c.c.c.C.CeibaEstacionamientoApplication  : Starting CeibaEstacionamientoApplication on MARIA-MOLINA with PID 16844 (C:\Users\maria.molina\git\Ceiba-Estacionamiento\bin\main started by maria.molina in C:\Users\maria.molina\git\Ceiba-Estacionamiento)
2018-07-04 07:35:52.061  INFO 16844 --- [main] c.c.c.C.CeibaEstacionamientoApplication  : No active profile set, falling back to default profiles: default
2018-07-04 07:35:52.124  INFO 16844 --- [main] ConfigServletWebServerApplicationContext : Refreshing org.springframework.boot.web.servlet.context.AnnotationConfigServletWebServerApplicationContext@3e58a80e: startup date [Wed Jul 04 07:35:52 COT 2018]; root of context hierarchy
2018-07-04 07:35:53.231  INFO 16844 --- [main] trationDelegate$BeanPostProcessorChecker : Bean 'org.springframework.transaction.annotation.ProxyTransactionManagementConfiguration' of type [org.springframework.transaction.annotation.ProxyTransactionManagementConfiguration$$EnhancerBySpringCGLIB$$ff9a57bb] is not eligible for getting processed by all BeanPostProcessors (for example: not eligible for auto-proxying)
2018-07-04 07:35:53.730  INFO 16844 --- [main] o.s.b.w.embedded.tomcat.TomcatWebServer  : Tomcat initialized with port(s): 9024 (http)
2018-07-04 07:35:53.762  INFO 16844 --- [main] o.apache.catalina.core.StandardService   : Starting service [Tomcat]
2018-07-04 07:35:53.762  INFO 16844 --- [main] org.apache.catalina.core.StandardEngine  : Starting Servlet Engine: Apache Tomcat/8.5.31
2018-07-04 07:35:53.771  INFO 16844 --- [localhost-startStop-1] o.a.catalina.core.AprLifecycleListener   : The APR based Apache Tomcat Native library which allows optimal performance in production environments was not found on the java.library.path: [C:\Program Files\Java\jre1.8.0_172\bin;C:\Windows\Sun\Java\bin;C:\Windows\system32;C:\Windows;C:/Program Files/Java/jre1.8.0_172/bin/server;C:/Program Files/Java/jre1.8.0_172/bin;C:/Program Files/Java/jre1.8.0_172/lib/amd64;C:\Oracle\product\11.1.0\client_1\bin;C:\Program Files\CollabNet\Subversion Client;C:\Windows\system32;C:\Windows;C:\Windows\System32\Wbem;C:\Windows\System32\WindowsPowerShell\v1.0\;C:\Windows\System32\OpenSSH\;C:\Program Files\TortoiseSVN\bin;C:\Program Files\Git\cmd;%JAVA_HOME%\bin;C:\Program Files\nodejs\;C:\Users\maria.molina\AppData\Local\Microsoft\WindowsApps;C:\Users\maria.molina\AppData\Roaming\npm;C:\Users\maria.molina\eclipse\jee-oxygen2\eclipse;;.]
2018-07-04 07:35:53.899  INFO 16844 --- [localhost-startStop-1] o.a.c.c.C.[Tomcat].[localhost].[/]       : Initializing Spring embedded WebApplicationContext
2018-07-04 07:35:53.899  INFO 16844 --- [localhost-startStop-1] o.s.web.context.ContextLoader            : Root WebApplicationContext: initialization completed in 1776 ms
2018-07-04 07:35:54.047  INFO 16844 --- [localhost-startStop-1] o.s.b.w.servlet.ServletRegistrationBean  : Servlet dispatcherServlet mapped to [/estacionamiento/*]
2018-07-04 07:35:54.050  INFO 16844 --- [localhost-startStop-1] o.s.b.w.servlet.FilterRegistrationBean   : Mapping filter: 'characterEncodingFilter' to: [/*]
2018-07-04 07:35:54.051  INFO 16844 --- [localhost-startStop-1] o.s.b.w.servlet.FilterRegistrationBean   : Mapping filter: 'hiddenHttpMethodFilter' to: [/*]
2018-07-04 07:35:54.051  INFO 16844 --- [localhost-startStop-1] o.s.b.w.servlet.FilterRegistrationBean   : Mapping filter: 'httpPutFormContentFilter' to: [/*]
2018-07-04 07:35:54.051  INFO 16844 --- [localhost-startStop-1] o.s.b.w.servlet.FilterRegistrationBean   : Mapping filter: 'requestContextFilter' to: [/*]
2018-07-04 07:35:54.225  INFO 16844 --- [main] com.zaxxer.hikari.HikariDataSource       : HikariPool-1 - Starting...
2018-07-04 07:35:54.851  INFO 16844 --- [main] com.zaxxer.hikari.HikariDataSource       : HikariPool-1 - Start completed.
2018-07-04 07:35:54.900  INFO 16844 --- [main] j.LocalContainerEntityManagerFactoryBean : Building JPA container EntityManagerFactory for persistence unit 'default'
2018-07-04 07:35:54.925  INFO 16844 --- [main] o.hibernate.jpa.internal.util.LogHelper  : HHH000204: Processing PersistenceUnitInfo [
	name: default
	...]
2018-07-04 07:35:55.033  INFO 16844 --- [main] org.hibernate.Version                    : HHH000412: Hibernate Core {5.2.9.Final}
2018-07-04 07:35:55.035  INFO 16844 --- [main] org.hibernate.cfg.Environment            : HHH000206: hibernate.properties not found
2018-07-04 07:35:55.096  INFO 16844 --- [main] o.hibernate.annotations.common.Version   : HCANN000001: Hibernate Commons Annotations {5.0.1.Final}
2018-07-04 07:35:55.259  INFO 16844 --- [main] org.hibernate.dialect.Dialect            : HHH000400: Using dialect: org.hibernate.dialect.MySQL5Dialect
2018-07-04 07:35:55.840  INFO 16844 --- [main] j.LocalContainerEntityManagerFactoryBean : Initialized JPA EntityManagerFactory for persistence unit 'default'
2018-07-04 07:35:56.058  INFO 16844 --- [main] o.s.w.s.handler.SimpleUrlHandlerMapping  : Mapped URL path [/**/favicon.ico] onto handler of type [class org.springframework.web.servlet.resource.ResourceHttpRequestHandler]
2018-07-04 07:35:56.364  INFO 16844 --- [main] s.w.s.m.m.a.RequestMappingHandlerAdapter : Looking for @ControllerAdvice: org.springframework.boot.web.servlet.context.AnnotationConfigServletWebServerApplicationContext@3e58a80e: startup date [Wed Jul 04 07:35:52 COT 2018]; root of context hierarchy
2018-07-04 07:35:56.411  WARN 16844 --- [main] aWebConfiguration$JpaWebMvcConfiguration : spring.jpa.open-in-view is enabled by default. Therefore, database queries may be performed during view rendering. Explicitly configure spring.jpa.open-in-view to disable this warning
2018-07-04 07:35:56.459  INFO 16844 --- [main] s.w.s.m.m.a.RequestMappingHandlerMapping : Mapped "{[/vehiculo],methods=[PUT]}" onto public co.com.ceiba.CeibaEstacionamiento.model.VehiculoModel co.com.ceiba.CeibaEstacionamiento.controllers.VehiculoController.salidaVehiculo(co.com.ceiba.CeibaEstacionamiento.model.VehiculoModel)
2018-07-04 07:35:56.462  INFO 16844 --- [main] s.w.s.m.m.a.RequestMappingHandlerMapping : Mapped "{[/vehiculo],methods=[POST]}" onto public co.com.ceiba.CeibaEstacionamiento.model.VehiculoModel co.com.ceiba.CeibaEstacionamiento.controllers.VehiculoController.crearVehiculo(co.com.ceiba.CeibaEstacionamiento.model.VehiculoModel)
2018-07-04 07:35:56.462  INFO 16844 --- [main] s.w.s.m.m.a.RequestMappingHandlerMapping : Mapped "{[/vehiculo/contarCarros],methods=[GET]}" onto public java.lang.Integer co.com.ceiba.CeibaEstacionamiento.controllers.VehiculoController.contarCarros(javax.servlet.http.HttpServletResponse)
2018-07-04 07:35:56.463  INFO 16844 --- [main] s.w.s.m.m.a.RequestMappingHandlerMapping : Mapped "{[/vehiculo/contarMotos],methods=[GET]}" onto public java.lang.Integer co.com.ceiba.CeibaEstacionamiento.controllers.VehiculoController.contarMotos(javax.servlet.http.HttpServletResponse)
2018-07-04 07:35:56.464  INFO 16844 --- [main] s.w.s.m.m.a.RequestMappingHandlerMapping : Mapped "{[/vehiculoestacionado/listaMotos],methods=[GET]}" onto public java.lang.String co.com.ceiba.CeibaEstacionamiento.controllers.VehiculoEstacionadoController.listadoMotosEstacionados(javax.servlet.http.HttpServletResponse)
2018-07-04 07:35:56.465  INFO 16844 --- [main] s.w.s.m.m.a.RequestMappingHandlerMapping : Mapped "{[/vehiculoestacionado/precio],methods=[PUT]}" onto public java.lang.String co.com.ceiba.CeibaEstacionamiento.controllers.VehiculoEstacionadoController.precioEstacionamiento(co.com.ceiba.CeibaEstacionamiento.model.VehiculoModel,javax.servlet.http.HttpServletResponse)
2018-07-04 07:35:56.466  INFO 16844 --- [main] s.w.s.m.m.a.RequestMappingHandlerMapping : Mapped "{[/vehiculoestacionado/listaCarros],methods=[GET]}" onto public java.lang.String co.com.ceiba.CeibaEstacionamiento.controllers.VehiculoEstacionadoController.listadoCarrosEstacionados(javax.servlet.http.HttpServletResponse)
2018-07-04 07:35:56.469  INFO 16844 --- [main] s.w.s.m.m.a.RequestMappingHandlerMapping : Mapped "{[/error]}" onto public org.springframework.http.ResponseEntity<java.util.Map<java.lang.String, java.lang.Object>> org.springframework.boot.autoconfigure.web.servlet.error.BasicErrorController.error(javax.servlet.http.HttpServletRequest)
2018-07-04 07:35:56.470  INFO 16844 --- [main] s.w.s.m.m.a.RequestMappingHandlerMapping : Mapped "{[/error],produces=[text/html]}" onto public org.springframework.web.servlet.ModelAndView org.springframework.boot.autoconfigure.web.servlet.error.BasicErrorController.errorHtml(javax.servlet.http.HttpServletRequest,javax.servlet.http.HttpServletResponse)
2018-07-04 07:35:56.499  INFO 16844 --- [main] o.s.w.s.handler.SimpleUrlHandlerMapping  : Mapped URL path [/webjars/**] onto handler of type [class org.springframework.web.servlet.resource.ResourceHttpRequestHandler]
2018-07-04 07:35:56.500  INFO 16844 --- [main] o.s.w.s.handler.SimpleUrlHandlerMapping  : Mapped URL path [/**] onto handler of type [class org.springframework.web.servlet.resource.ResourceHttpRequestHandler]
2018-07-04 07:35:56.518  INFO 16844 --- [main] .m.m.a.ExceptionHandlerExceptionResolver : Detected @ExceptionHandler methods in exceptionHandlerr
2018-07-04 07:35:56.860  INFO 16844 --- [main] o.s.j.e.a.AnnotationMBeanExporter        : Registering beans for JMX exposure on startup
2018-07-04 07:35:56.862  INFO 16844 --- [main] o.s.j.e.a.AnnotationMBeanExporter        : Bean with name 'dataSource' has been autodetected for JMX exposure
2018-07-04 07:35:56.867  INFO 16844 --- [main] o.s.j.e.a.AnnotationMBeanExporter        : Located MBean 'dataSource': registering with JMX server as MBean [com.zaxxer.hikari:name=dataSource,type=HikariDataSource]
2018-07-04 07:35:56.904  INFO 16844 --- [main] o.s.b.w.embedded.tomcat.TomcatWebServer  : Tomcat started on port(s): 9024 (http) with context path ''
2018-07-04 07:35:56.909  INFO 16844 --- [main] c.c.c.C.CeibaEstacionamientoApplication  : Started CeibaEstacionamientoApplication in 5.299 seconds (JVM running for 5.83)
2018-07-04 07:40:53.337  INFO 14372 --- [main] c.c.c.C.CeibaEstacionamientoApplication  : Starting CeibaEstacionamientoApplication on MARIA-MOLINA with PID 14372 (C:\Users\maria.molina\git\Ceiba-Estacionamiento\bin\main started by maria.molina in C:\Users\maria.molina\git\Ceiba-Estacionamiento)
2018-07-04 07:40:53.341  INFO 14372 --- [main] c.c.c.C.CeibaEstacionamientoApplication  : No active profile set, falling back to default profiles: default
2018-07-04 07:40:53.398  INFO 14372 --- [main] ConfigServletWebServerApplicationContext : Refreshing org.springframework.boot.web.servlet.context.AnnotationConfigServletWebServerApplicationContext@4f6ee6e4: startup date [Wed Jul 04 07:40:53 COT 2018]; root of context hierarchy
2018-07-04 07:40:54.592  INFO 14372 --- [main] trationDelegate$BeanPostProcessorChecker : Bean 'org.springframework.transaction.annotation.ProxyTransactionManagementConfiguration' of type [org.springframework.transaction.annotation.ProxyTransactionManagementConfiguration$$EnhancerBySpringCGLIB$$bc89f9e] is not eligible for getting processed by all BeanPostProcessors (for example: not eligible for auto-proxying)
2018-07-04 07:40:55.081  INFO 14372 --- [main] o.s.b.w.embedded.tomcat.TomcatWebServer  : Tomcat initialized with port(s): 9024 (http)
2018-07-04 07:40:55.113  INFO 14372 --- [main] o.apache.catalina.core.StandardService   : Starting service [Tomcat]
2018-07-04 07:40:55.114  INFO 14372 --- [main] org.apache.catalina.core.StandardEngine  : Starting Servlet Engine: Apache Tomcat/8.5.31
2018-07-04 07:40:55.123  INFO 14372 --- [localhost-startStop-1] o.a.catalina.core.AprLifecycleListener   : The APR based Apache Tomcat Native library which allows optimal performance in production environments was not found on the java.library.path: [C:\Program Files\Java\jre1.8.0_172\bin;C:\Windows\Sun\Java\bin;C:\Windows\system32;C:\Windows;C:/Program Files/Java/jre1.8.0_172/bin/server;C:/Program Files/Java/jre1.8.0_172/bin;C:/Program Files/Java/jre1.8.0_172/lib/amd64;C:\Oracle\product\11.1.0\client_1\bin;C:\Program Files\CollabNet\Subversion Client;C:\Windows\system32;C:\Windows;C:\Windows\System32\Wbem;C:\Windows\System32\WindowsPowerShell\v1.0\;C:\Windows\System32\OpenSSH\;C:\Program Files\TortoiseSVN\bin;C:\Program Files\Git\cmd;%JAVA_HOME%\bin;C:\Program Files\nodejs\;C:\Users\maria.molina\AppData\Local\Microsoft\WindowsApps;C:\Users\maria.molina\AppData\Roaming\npm;C:\Users\maria.molina\eclipse\jee-oxygen2\eclipse;;.]
2018-07-04 07:40:55.252  INFO 14372 --- [localhost-startStop-1] o.a.c.c.C.[Tomcat].[localhost].[/]       : Initializing Spring embedded WebApplicationContext
2018-07-04 07:40:55.253  INFO 14372 --- [localhost-startStop-1] o.s.web.context.ContextLoader            : Root WebApplicationContext: initialization completed in 1855 ms
2018-07-04 07:40:55.397  INFO 14372 --- [localhost-startStop-1] o.s.b.w.servlet.ServletRegistrationBean  : Servlet dispatcherServlet mapped to [/estacionamiento/*]
2018-07-04 07:40:55.401  INFO 14372 --- [localhost-startStop-1] o.s.b.w.servlet.FilterRegistrationBean   : Mapping filter: 'characterEncodingFilter' to: [/*]
2018-07-04 07:40:55.401  INFO 14372 --- [localhost-startStop-1] o.s.b.w.servlet.FilterRegistrationBean   : Mapping filter: 'hiddenHttpMethodFilter' to: [/*]
2018-07-04 07:40:55.401  INFO 14372 --- [localhost-startStop-1] o.s.b.w.servlet.FilterRegistrationBean   : Mapping filter: 'httpPutFormContentFilter' to: [/*]
2018-07-04 07:40:55.402  INFO 14372 --- [localhost-startStop-1] o.s.b.w.servlet.FilterRegistrationBean   : Mapping filter: 'requestContextFilter' to: [/*]
2018-07-04 07:40:55.597  INFO 14372 --- [main] com.zaxxer.hikari.HikariDataSource       : HikariPool-1 - Starting...
2018-07-04 07:40:56.240  INFO 14372 --- [main] com.zaxxer.hikari.HikariDataSource       : HikariPool-1 - Start completed.
2018-07-04 07:40:56.291  INFO 14372 --- [main] j.LocalContainerEntityManagerFactoryBean : Building JPA container EntityManagerFactory for persistence unit 'default'
2018-07-04 07:40:56.308  INFO 14372 --- [main] o.hibernate.jpa.internal.util.LogHelper  : HHH000204: Processing PersistenceUnitInfo [
	name: default
	...]
2018-07-04 07:40:56.408  INFO 14372 --- [main] org.hibernate.Version                    : HHH000412: Hibernate Core {5.2.9.Final}
2018-07-04 07:40:56.410  INFO 14372 --- [main] org.hibernate.cfg.Environment            : HHH000206: hibernate.properties not found
2018-07-04 07:40:56.475  INFO 14372 --- [main] o.hibernate.annotations.common.Version   : HCANN000001: Hibernate Commons Annotations {5.0.1.Final}
2018-07-04 07:40:56.637  INFO 14372 --- [main] org.hibernate.dialect.Dialect            : HHH000400: Using dialect: org.hibernate.dialect.MySQL5Dialect
2018-07-04 07:40:57.213  INFO 14372 --- [main] j.LocalContainerEntityManagerFactoryBean : Initialized JPA EntityManagerFactory for persistence unit 'default'
2018-07-04 07:40:57.423  INFO 14372 --- [main] o.s.w.s.handler.SimpleUrlHandlerMapping  : Mapped URL path [/**/favicon.ico] onto handler of type [class org.springframework.web.servlet.resource.ResourceHttpRequestHandler]
2018-07-04 07:40:57.763  INFO 14372 --- [main] s.w.s.m.m.a.RequestMappingHandlerAdapter : Looking for @ControllerAdvice: org.springframework.boot.web.servlet.context.AnnotationConfigServletWebServerApplicationContext@4f6ee6e4: startup date [Wed Jul 04 07:40:53 COT 2018]; root of context hierarchy
2018-07-04 07:40:57.818  WARN 14372 --- [main] aWebConfiguration$JpaWebMvcConfiguration : spring.jpa.open-in-view is enabled by default. Therefore, database queries may be performed during view rendering. Explicitly configure spring.jpa.open-in-view to disable this warning
2018-07-04 07:40:57.870  INFO 14372 --- [main] s.w.s.m.m.a.RequestMappingHandlerMapping : Mapped "{[/vehiculo],methods=[PUT]}" onto public co.com.ceiba.CeibaEstacionamiento.model.VehiculoModel co.com.ceiba.CeibaEstacionamiento.controllers.VehiculoController.salidaVehiculo(co.com.ceiba.CeibaEstacionamiento.model.VehiculoModel)
2018-07-04 07:40:57.873  INFO 14372 --- [main] s.w.s.m.m.a.RequestMappingHandlerMapping : Mapped "{[/vehiculo/contarMotos],methods=[GET]}" onto public java.lang.Integer co.com.ceiba.CeibaEstacionamiento.controllers.VehiculoController.contarMotos(javax.servlet.http.HttpServletResponse)
2018-07-04 07:40:57.874  INFO 14372 --- [main] s.w.s.m.m.a.RequestMappingHandlerMapping : Mapped "{[/vehiculo],methods=[POST]}" onto public co.com.ceiba.CeibaEstacionamiento.model.VehiculoModel co.com.ceiba.CeibaEstacionamiento.controllers.VehiculoController.crearVehiculo(co.com.ceiba.CeibaEstacionamiento.model.VehiculoModel)
2018-07-04 07:40:57.875  INFO 14372 --- [main] s.w.s.m.m.a.RequestMappingHandlerMapping : Mapped "{[/vehiculo/contarCarros],methods=[GET]}" onto public java.lang.Integer co.com.ceiba.CeibaEstacionamiento.controllers.VehiculoController.contarCarros(javax.servlet.http.HttpServletResponse)
2018-07-04 07:40:57.876  INFO 14372 --- [main] s.w.s.m.m.a.RequestMappingHandlerMapping : Mapped "{[/vehiculoestacionado/precio],methods=[PUT]}" onto public java.lang.String co.com.ceiba.CeibaEstacionamiento.controllers.VehiculoEstacionadoController.precioEstacionamiento(co.com.ceiba.CeibaEstacionamiento.model.VehiculoModel,javax.servlet.http.HttpServletResponse)
2018-07-04 07:40:57.877  INFO 14372 --- [main] s.w.s.m.m.a.RequestMappingHandlerMapping : Mapped "{[/vehiculoestacionado/listaMotos],methods=[GET]}" onto public java.lang.String co.com.ceiba.CeibaEstacionamiento.controllers.VehiculoEstacionadoController.listadoMotosEstacionados(javax.servlet.http.HttpServletResponse)
2018-07-04 07:40:57.878  INFO 14372 --- [main] s.w.s.m.m.a.RequestMappingHandlerMapping : Mapped "{[/vehiculoestacionado/listaCarros],methods=[GET]}" onto public java.lang.String co.com.ceiba.CeibaEstacionamiento.controllers.VehiculoEstacionadoController.listadoCarrosEstacionados(javax.servlet.http.HttpServletResponse)
2018-07-04 07:40:57.881  INFO 14372 --- [main] s.w.s.m.m.a.RequestMappingHandlerMapping : Mapped "{[/error]}" onto public org.springframework.http.ResponseEntity<java.util.Map<java.lang.String, java.lang.Object>> org.springframework.boot.autoconfigure.web.servlet.error.BasicErrorController.error(javax.servlet.http.HttpServletRequest)
2018-07-04 07:40:57.882  INFO 14372 --- [main] s.w.s.m.m.a.RequestMappingHandlerMapping : Mapped "{[/error],produces=[text/html]}" onto public org.springframework.web.servlet.ModelAndView org.springframework.boot.autoconfigure.web.servlet.error.BasicErrorController.errorHtml(javax.servlet.http.HttpServletRequest,javax.servlet.http.HttpServletResponse)
2018-07-04 07:40:57.906  INFO 14372 --- [main] o.s.w.s.handler.SimpleUrlHandlerMapping  : Mapped URL path [/webjars/**] onto handler of type [class org.springframework.web.servlet.resource.ResourceHttpRequestHandler]
2018-07-04 07:40:57.907  INFO 14372 --- [main] o.s.w.s.handler.SimpleUrlHandlerMapping  : Mapped URL path [/**] onto handler of type [class org.springframework.web.servlet.resource.ResourceHttpRequestHandler]
2018-07-04 07:40:57.921  INFO 14372 --- [main] .m.m.a.ExceptionHandlerExceptionResolver : Detected @ExceptionHandler methods in exceptionHandlerr
2018-07-04 07:40:58.252  INFO 14372 --- [main] o.s.j.e.a.AnnotationMBeanExporter        : Registering beans for JMX exposure on startup
2018-07-04 07:40:58.253  INFO 14372 --- [main] o.s.j.e.a.AnnotationMBeanExporter        : Bean with name 'dataSource' has been autodetected for JMX exposure
2018-07-04 07:40:58.258  INFO 14372 --- [main] o.s.j.e.a.AnnotationMBeanExporter        : Located MBean 'dataSource': registering with JMX server as MBean [com.zaxxer.hikari:name=dataSource,type=HikariDataSource]
2018-07-04 07:40:58.306  INFO 14372 --- [main] o.s.b.w.embedded.tomcat.TomcatWebServer  : Tomcat started on port(s): 9024 (http) with context path ''
2018-07-04 07:40:58.310  INFO 14372 --- [main] c.c.c.C.CeibaEstacionamientoApplication  : Started CeibaEstacionamientoApplication in 5.413 seconds (JVM running for 5.948)
2018-07-04 07:56:00.017  INFO 14372 --- [http-nio-9024-exec-2] o.a.c.c.C.[Tomcat].[localhost].[/]       : Initializing Spring FrameworkServlet 'dispatcherServlet'
2018-07-04 07:56:00.017  INFO 14372 --- [http-nio-9024-exec-2] o.s.web.servlet.DispatcherServlet        : FrameworkServlet 'dispatcherServlet': initialization started
2018-07-04 07:56:00.078  INFO 14372 --- [http-nio-9024-exec-2] o.s.web.servlet.DispatcherServlet        : FrameworkServlet 'dispatcherServlet': initialization completed in 60 ms
2018-07-04 07:56:00.342  INFO 14372 --- [http-nio-9024-exec-3] o.h.h.i.QueryTranslatorFactoryInitiator  : HHH000397: Using ASTQueryTranslatorFactory
2018-07-04 09:46:21.316  INFO 16164 --- [main] c.c.c.C.CeibaEstacionamientoApplication  : Starting CeibaEstacionamientoApplication on MARIA-MOLINA with PID 16164 (C:\Users\maria.molina\git\Ceiba-Estacionamiento\build\classes\java\main started by maria.molina in C:\Users\maria.molina\git\Ceiba-Estacionamiento)
2018-07-04 09:46:21.319  INFO 16164 --- [main] c.c.c.C.CeibaEstacionamientoApplication  : No active profile set, falling back to default profiles: default
2018-07-04 09:46:21.377  INFO 16164 --- [main] ConfigServletWebServerApplicationContext : Refreshing org.springframework.boot.web.servlet.context.AnnotationConfigServletWebServerApplicationContext@7714e963: startup date [Wed Jul 04 09:46:21 COT 2018]; root of context hierarchy
2018-07-04 09:46:22.579  INFO 16164 --- [main] trationDelegate$BeanPostProcessorChecker : Bean 'org.springframework.transaction.annotation.ProxyTransactionManagementConfiguration' of type [org.springframework.transaction.annotation.ProxyTransactionManagementConfiguration$$EnhancerBySpringCGLIB$$ddddcb7a] is not eligible for getting processed by all BeanPostProcessors (for example: not eligible for auto-proxying)
2018-07-04 09:46:23.048  INFO 16164 --- [main] o.s.b.w.embedded.tomcat.TomcatWebServer  : Tomcat initialized with port(s): 9024 (http)
2018-07-04 09:46:23.083  INFO 16164 --- [main] o.apache.catalina.core.StandardService   : Starting service [Tomcat]
2018-07-04 09:46:23.083  INFO 16164 --- [main] org.apache.catalina.core.StandardEngine  : Starting Servlet Engine: Apache Tomcat/8.5.31
2018-07-04 09:46:23.095  INFO 16164 --- [localhost-startStop-1] o.a.catalina.core.AprLifecycleListener   : The APR based Apache Tomcat Native library which allows optimal performance in production environments was not found on the java.library.path: [C:\Program Files\Java\jdk1.8.0_172\bin;C:\Windows\Sun\Java\bin;C:\Windows\system32;C:\Windows;C:/Program Files/Java/jre1.8.0_172/bin/server;C:/Program Files/Java/jre1.8.0_172/bin;C:/Program Files/Java/jre1.8.0_172/lib/amd64;C:\Oracle\product\11.1.0\client_1\bin;C:\Program Files\CollabNet\Subversion Client;C:\Windows\system32;C:\Windows;C:\Windows\System32\Wbem;C:\Windows\System32\WindowsPowerShell\v1.0\;C:\Windows\System32\OpenSSH\;C:\Program Files\TortoiseSVN\bin;C:\Program Files\Git\cmd;%JAVA_HOME%\bin;C:\Program Files\nodejs\;C:\Users\maria.molina\AppData\Local\Microsoft\WindowsApps;C:\Users\maria.molina\AppData\Roaming\npm;C:\Users\maria.molina\eclipse\jee-oxygen2\eclipse;;.]
2018-07-04 09:46:23.219  INFO 16164 --- [localhost-startStop-1] o.a.c.c.C.[Tomcat].[localhost].[/]       : Initializing Spring embedded WebApplicationContext
2018-07-04 09:46:23.219  INFO 16164 --- [localhost-startStop-1] o.s.web.context.ContextLoader            : Root WebApplicationContext: initialization completed in 1842 ms
2018-07-04 09:46:23.363  INFO 16164 --- [localhost-startStop-1] o.s.b.w.servlet.ServletRegistrationBean  : Servlet dispatcherServlet mapped to [/estacionamiento/*]
2018-07-04 09:46:23.367  INFO 16164 --- [localhost-startStop-1] o.s.b.w.servlet.FilterRegistrationBean   : Mapping filter: 'characterEncodingFilter' to: [/*]
2018-07-04 09:46:23.370  INFO 16164 --- [localhost-startStop-1] o.s.b.w.servlet.FilterRegistrationBean   : Mapping filter: 'hiddenHttpMethodFilter' to: [/*]
2018-07-04 09:46:23.370  INFO 16164 --- [localhost-startStop-1] o.s.b.w.servlet.FilterRegistrationBean   : Mapping filter: 'httpPutFormContentFilter' to: [/*]
2018-07-04 09:46:23.370  INFO 16164 --- [localhost-startStop-1] o.s.b.w.servlet.FilterRegistrationBean   : Mapping filter: 'requestContextFilter' to: [/*]
2018-07-04 09:46:23.553  INFO 16164 --- [main] com.zaxxer.hikari.HikariDataSource       : HikariPool-1 - Starting...
2018-07-04 09:46:24.171  INFO 16164 --- [main] com.zaxxer.hikari.HikariDataSource       : HikariPool-1 - Start completed.
2018-07-04 09:46:24.234  INFO 16164 --- [main] j.LocalContainerEntityManagerFactoryBean : Building JPA container EntityManagerFactory for persistence unit 'default'
2018-07-04 09:46:24.253  INFO 16164 --- [main] o.hibernate.jpa.internal.util.LogHelper  : HHH000204: Processing PersistenceUnitInfo [
	name: default
	...]
2018-07-04 09:46:24.350  INFO 16164 --- [main] org.hibernate.Version                    : HHH000412: Hibernate Core {5.2.9.Final}
2018-07-04 09:46:24.356  INFO 16164 --- [main] org.hibernate.cfg.Environment            : HHH000206: hibernate.properties not found
2018-07-04 09:46:24.417  INFO 16164 --- [main] o.hibernate.annotations.common.Version   : HCANN000001: Hibernate Commons Annotations {5.0.1.Final}
2018-07-04 09:46:24.575  INFO 16164 --- [main] org.hibernate.dialect.Dialect            : HHH000400: Using dialect: org.hibernate.dialect.MySQL5Dialect
2018-07-04 09:46:25.151  INFO 16164 --- [main] j.LocalContainerEntityManagerFactoryBean : Initialized JPA EntityManagerFactory for persistence unit 'default'
2018-07-04 09:46:25.364  INFO 16164 --- [main] o.s.w.s.handler.SimpleUrlHandlerMapping  : Mapped URL path [/**/favicon.ico] onto handler of type [class org.springframework.web.servlet.resource.ResourceHttpRequestHandler]
2018-07-04 09:46:25.642  INFO 16164 --- [main] s.w.s.m.m.a.RequestMappingHandlerAdapter : Looking for @ControllerAdvice: org.springframework.boot.web.servlet.context.AnnotationConfigServletWebServerApplicationContext@7714e963: startup date [Wed Jul 04 09:46:21 COT 2018]; root of context hierarchy
2018-07-04 09:46:25.700  WARN 16164 --- [main] aWebConfiguration$JpaWebMvcConfiguration : spring.jpa.open-in-view is enabled by default. Therefore, database queries may be performed during view rendering. Explicitly configure spring.jpa.open-in-view to disable this warning
2018-07-04 09:46:25.747  INFO 16164 --- [main] s.w.s.m.m.a.RequestMappingHandlerMapping : Mapped "{[/vehiculo],methods=[POST]}" onto public co.com.ceiba.CeibaEstacionamiento.model.VehiculoModel co.com.ceiba.CeibaEstacionamiento.controllers.VehiculoController.crearVehiculo(co.com.ceiba.CeibaEstacionamiento.model.VehiculoModel)
2018-07-04 09:46:25.753  INFO 16164 --- [main] s.w.s.m.m.a.RequestMappingHandlerMapping : Mapped "{[/vehiculo],methods=[PUT]}" onto public co.com.ceiba.CeibaEstacionamiento.model.VehiculoModel co.com.ceiba.CeibaEstacionamiento.controllers.VehiculoController.salidaVehiculo(co.com.ceiba.CeibaEstacionamiento.model.VehiculoModel)
2018-07-04 09:46:25.754  INFO 16164 --- [main] s.w.s.m.m.a.RequestMappingHandlerMapping : Mapped "{[/vehiculo/contarCarros],methods=[GET]}" onto public java.lang.Integer co.com.ceiba.CeibaEstacionamiento.controllers.VehiculoController.contarCarros(javax.servlet.http.HttpServletResponse)
2018-07-04 09:46:25.754  INFO 16164 --- [main] s.w.s.m.m.a.RequestMappingHandlerMapping : Mapped "{[/vehiculo/contarMotos],methods=[GET]}" onto public java.lang.Integer co.com.ceiba.CeibaEstacionamiento.controllers.VehiculoController.contarMotos(javax.servlet.http.HttpServletResponse)
2018-07-04 09:46:25.756  INFO 16164 --- [main] s.w.s.m.m.a.RequestMappingHandlerMapping : Mapped "{[/vehiculoestacionado/precio],methods=[PUT]}" onto public java.lang.String co.com.ceiba.CeibaEstacionamiento.controllers.VehiculoEstacionadoController.precioEstacionamiento(co.com.ceiba.CeibaEstacionamiento.model.VehiculoModel,javax.servlet.http.HttpServletResponse)
2018-07-04 09:46:25.759  INFO 16164 --- [main] s.w.s.m.m.a.RequestMappingHandlerMapping : Mapped "{[/vehiculoestacionado/listaCarros],methods=[GET]}" onto public java.lang.String co.com.ceiba.CeibaEstacionamiento.controllers.VehiculoEstacionadoController.listadoCarrosEstacionados(javax.servlet.http.HttpServletResponse)
2018-07-04 09:46:25.760  INFO 16164 --- [main] s.w.s.m.m.a.RequestMappingHandlerMapping : Mapped "{[/vehiculoestacionado/listaMotos],methods=[GET]}" onto public java.lang.String co.com.ceiba.CeibaEstacionamiento.controllers.VehiculoEstacionadoController.listadoMotosEstacionados(javax.servlet.http.HttpServletResponse)
2018-07-04 09:46:25.762  INFO 16164 --- [main] s.w.s.m.m.a.RequestMappingHandlerMapping : Mapped "{[/error]}" onto public org.springframework.http.ResponseEntity<java.util.Map<java.lang.String, java.lang.Object>> org.springframework.boot.autoconfigure.web.servlet.error.BasicErrorController.error(javax.servlet.http.HttpServletRequest)
2018-07-04 09:46:25.763  INFO 16164 --- [main] s.w.s.m.m.a.RequestMappingHandlerMapping : Mapped "{[/error],produces=[text/html]}" onto public org.springframework.web.servlet.ModelAndView org.springframework.boot.autoconfigure.web.servlet.error.BasicErrorController.errorHtml(javax.servlet.http.HttpServletRequest,javax.servlet.http.HttpServletResponse)
2018-07-04 09:46:25.795  INFO 16164 --- [main] o.s.w.s.handler.SimpleUrlHandlerMapping  : Mapped URL path [/webjars/**] onto handler of type [class org.springframework.web.servlet.resource.ResourceHttpRequestHandler]
2018-07-04 09:46:25.795  INFO 16164 --- [main] o.s.w.s.handler.SimpleUrlHandlerMapping  : Mapped URL path [/**] onto handler of type [class org.springframework.web.servlet.resource.ResourceHttpRequestHandler]
2018-07-04 09:46:25.812  INFO 16164 --- [main] .m.m.a.ExceptionHandlerExceptionResolver : Detected @ExceptionHandler methods in exceptionHandlerr
2018-07-04 09:46:26.134  INFO 16164 --- [main] o.s.j.e.a.AnnotationMBeanExporter        : Registering beans for JMX exposure on startup
2018-07-04 09:46:26.138  INFO 16164 --- [main] o.s.j.e.a.AnnotationMBeanExporter        : Bean with name 'dataSource' has been autodetected for JMX exposure
2018-07-04 09:46:26.142  INFO 16164 --- [main] o.s.j.e.a.AnnotationMBeanExporter        : Located MBean 'dataSource': registering with JMX server as MBean [com.zaxxer.hikari:name=dataSource,type=HikariDataSource]
2018-07-04 09:46:26.178  INFO 16164 --- [main] o.s.b.w.embedded.tomcat.TomcatWebServer  : Tomcat started on port(s): 9024 (http) with context path ''
2018-07-04 09:46:26.183  INFO 16164 --- [main] c.c.c.C.CeibaEstacionamientoApplication  : Started CeibaEstacionamientoApplication in 5.358 seconds (JVM running for 5.832)
2018-07-04 09:46:32.189  INFO 16164 --- [http-nio-9024-exec-2] o.a.c.c.C.[Tomcat].[localhost].[/]       : Initializing Spring FrameworkServlet 'dispatcherServlet'
2018-07-04 09:46:32.192  INFO 16164 --- [http-nio-9024-exec-2] o.s.web.servlet.DispatcherServlet        : FrameworkServlet 'dispatcherServlet': initialization started
2018-07-04 09:46:32.225  INFO 16164 --- [http-nio-9024-exec-2] o.s.web.servlet.DispatcherServlet        : FrameworkServlet 'dispatcherServlet': initialization completed in 29 ms
2018-07-04 09:46:32.436  INFO 16164 --- [http-nio-9024-exec-1] o.h.h.i.QueryTranslatorFactoryInitiator  : HHH000397: Using ASTQueryTranslatorFactory
2018-07-04 10:44:08.704  INFO 5264 --- [main] c.c.c.C.CeibaEstacionamientoApplication  : Starting CeibaEstacionamientoApplication on MARIA-MOLINA with PID 5264 (C:\Users\maria.molina\git\Ceiba-Estacionamiento\build\classes\java\main started by maria.molina in C:\Users\maria.molina\git\Ceiba-Estacionamiento)
2018-07-04 10:44:08.708  INFO 5264 --- [main] c.c.c.C.CeibaEstacionamientoApplication  : No active profile set, falling back to default profiles: default
2018-07-04 10:44:08.761  INFO 5264 --- [main] ConfigServletWebServerApplicationContext : Refreshing org.springframework.boot.web.servlet.context.AnnotationConfigServletWebServerApplicationContext@43195e57: startup date [Wed Jul 04 10:44:08 COT 2018]; root of context hierarchy
2018-07-04 10:44:10.000  INFO 5264 --- [main] trationDelegate$BeanPostProcessorChecker : Bean 'org.springframework.transaction.annotation.ProxyTransactionManagementConfiguration' of type [org.springframework.transaction.annotation.ProxyTransactionManagementConfiguration$$EnhancerBySpringCGLIB$$1e1ce5bd] is not eligible for getting processed by all BeanPostProcessors (for example: not eligible for auto-proxying)
2018-07-04 10:44:10.509  INFO 5264 --- [main] o.s.b.w.embedded.tomcat.TomcatWebServer  : Tomcat initialized with port(s): 9024 (http)
2018-07-04 10:44:10.544  INFO 5264 --- [main] o.apache.catalina.core.StandardService   : Starting service [Tomcat]
2018-07-04 10:44:10.545  INFO 5264 --- [main] org.apache.catalina.core.StandardEngine  : Starting Servlet Engine: Apache Tomcat/8.5.31
2018-07-04 10:44:10.554  INFO 5264 --- [localhost-startStop-1] o.a.catalina.core.AprLifecycleListener   : The APR based Apache Tomcat Native library which allows optimal performance in production environments was not found on the java.library.path: [C:\Program Files\Java\jdk1.8.0_172\bin;C:\Windows\Sun\Java\bin;C:\Windows\system32;C:\Windows;C:/Program Files/Java/jre1.8.0_172/bin/server;C:/Program Files/Java/jre1.8.0_172/bin;C:/Program Files/Java/jre1.8.0_172/lib/amd64;C:\Oracle\product\11.1.0\client_1\bin;C:\Program Files\CollabNet\Subversion Client;C:\Windows\system32;C:\Windows;C:\Windows\System32\Wbem;C:\Windows\System32\WindowsPowerShell\v1.0\;C:\Windows\System32\OpenSSH\;C:\Program Files\TortoiseSVN\bin;C:\Program Files\Git\cmd;%JAVA_HOME%\bin;C:\Program Files\nodejs\;C:\Users\maria.molina\AppData\Local\Microsoft\WindowsApps;C:\Users\maria.molina\AppData\Roaming\npm;C:\Users\maria.molina\eclipse\jee-oxygen2\eclipse;;.]
2018-07-04 10:44:10.692  INFO 5264 --- [localhost-startStop-1] o.a.c.c.C.[Tomcat].[localhost].[/]       : Initializing Spring embedded WebApplicationContext
2018-07-04 10:44:10.692  INFO 5264 --- [localhost-startStop-1] o.s.web.context.ContextLoader            : Root WebApplicationContext: initialization completed in 1931 ms
2018-07-04 10:44:10.843  INFO 5264 --- [localhost-startStop-1] o.s.b.w.servlet.ServletRegistrationBean  : Servlet dispatcherServlet mapped to [/estacionamiento/*]
2018-07-04 10:44:10.849  INFO 5264 --- [localhost-startStop-1] o.s.b.w.servlet.FilterRegistrationBean   : Mapping filter: 'characterEncodingFilter' to: [/*]
2018-07-04 10:44:10.852  INFO 5264 --- [localhost-startStop-1] o.s.b.w.servlet.FilterRegistrationBean   : Mapping filter: 'hiddenHttpMethodFilter' to: [/*]
2018-07-04 10:44:10.852  INFO 5264 --- [localhost-startStop-1] o.s.b.w.servlet.FilterRegistrationBean   : Mapping filter: 'httpPutFormContentFilter' to: [/*]
2018-07-04 10:44:10.852  INFO 5264 --- [localhost-startStop-1] o.s.b.w.servlet.FilterRegistrationBean   : Mapping filter: 'requestContextFilter' to: [/*]
2018-07-04 10:44:11.026  INFO 5264 --- [main] com.zaxxer.hikari.HikariDataSource       : HikariPool-1 - Starting...
2018-07-04 10:44:11.659  INFO 5264 --- [main] com.zaxxer.hikari.HikariDataSource       : HikariPool-1 - Start completed.
2018-07-04 10:44:11.724  INFO 5264 --- [main] j.LocalContainerEntityManagerFactoryBean : Building JPA container EntityManagerFactory for persistence unit 'default'
2018-07-04 10:44:11.744  INFO 5264 --- [main] o.hibernate.jpa.internal.util.LogHelper  : HHH000204: Processing PersistenceUnitInfo [
	name: default
	...]
2018-07-04 10:44:11.846  INFO 5264 --- [main] org.hibernate.Version                    : HHH000412: Hibernate Core {5.2.9.Final}
2018-07-04 10:44:11.850  INFO 5264 --- [main] org.hibernate.cfg.Environment            : HHH000206: hibernate.properties not found
2018-07-04 10:44:11.916  INFO 5264 --- [main] o.hibernate.annotations.common.Version   : HCANN000001: Hibernate Commons Annotations {5.0.1.Final}
2018-07-04 10:44:12.068  INFO 5264 --- [main] org.hibernate.dialect.Dialect            : HHH000400: Using dialect: org.hibernate.dialect.MySQL5Dialect
2018-07-04 10:44:12.655  INFO 5264 --- [main] j.LocalContainerEntityManagerFactoryBean : Initialized JPA EntityManagerFactory for persistence unit 'default'
2018-07-04 10:44:12.900  INFO 5264 --- [main] o.s.w.s.handler.SimpleUrlHandlerMapping  : Mapped URL path [/**/favicon.ico] onto handler of type [class org.springframework.web.servlet.resource.ResourceHttpRequestHandler]
2018-07-04 10:44:13.178  INFO 5264 --- [main] s.w.s.m.m.a.RequestMappingHandlerAdapter : Looking for @ControllerAdvice: org.springframework.boot.web.servlet.context.AnnotationConfigServletWebServerApplicationContext@43195e57: startup date [Wed Jul 04 10:44:08 COT 2018]; root of context hierarchy
2018-07-04 10:44:13.229  WARN 5264 --- [main] aWebConfiguration$JpaWebMvcConfiguration : spring.jpa.open-in-view is enabled by default. Therefore, database queries may be performed during view rendering. Explicitly configure spring.jpa.open-in-view to disable this warning
2018-07-04 10:44:13.274  INFO 5264 --- [main] s.w.s.m.m.a.RequestMappingHandlerMapping : Mapped "{[/vehiculo/contarCarros],methods=[GET]}" onto public java.lang.Integer co.com.ceiba.CeibaEstacionamiento.controllers.VehiculoController.contarCarros(javax.servlet.http.HttpServletResponse)
2018-07-04 10:44:13.279  INFO 5264 --- [main] s.w.s.m.m.a.RequestMappingHandlerMapping : Mapped "{[/vehiculo],methods=[POST]}" onto public co.com.ceiba.CeibaEstacionamiento.model.VehiculoModel co.com.ceiba.CeibaEstacionamiento.controllers.VehiculoController.crearVehiculo(co.com.ceiba.CeibaEstacionamiento.model.VehiculoModel)
2018-07-04 10:44:13.280  INFO 5264 --- [main] s.w.s.m.m.a.RequestMappingHandlerMapping : Mapped "{[/vehiculo],methods=[PUT]}" onto public co.com.ceiba.CeibaEstacionamiento.model.VehiculoModel co.com.ceiba.CeibaEstacionamiento.controllers.VehiculoController.salidaVehiculo(co.com.ceiba.CeibaEstacionamiento.model.VehiculoModel)
2018-07-04 10:44:13.280  INFO 5264 --- [main] s.w.s.m.m.a.RequestMappingHandlerMapping : Mapped "{[/vehiculo/contarMotos],methods=[GET]}" onto public java.lang.Integer co.com.ceiba.CeibaEstacionamiento.controllers.VehiculoController.contarMotos(javax.servlet.http.HttpServletResponse)
2018-07-04 10:44:13.282  INFO 5264 --- [main] s.w.s.m.m.a.RequestMappingHandlerMapping : Mapped "{[/vehiculoestacionado/listaCarros],methods=[GET]}" onto public java.lang.String co.com.ceiba.CeibaEstacionamiento.controllers.VehiculoEstacionadoController.listadoCarrosEstacionados(javax.servlet.http.HttpServletResponse)
2018-07-04 10:44:13.286  INFO 5264 --- [main] s.w.s.m.m.a.RequestMappingHandlerMapping : Mapped "{[/vehiculoestacionado/precio],methods=[PUT]}" onto public java.lang.String co.com.ceiba.CeibaEstacionamiento.controllers.VehiculoEstacionadoController.precioEstacionamiento(co.com.ceiba.CeibaEstacionamiento.model.VehiculoModel,javax.servlet.http.HttpServletResponse)
2018-07-04 10:44:13.286  INFO 5264 --- [main] s.w.s.m.m.a.RequestMappingHandlerMapping : Mapped "{[/vehiculoestacionado/listaMotos],methods=[GET]}" onto public java.lang.String co.com.ceiba.CeibaEstacionamiento.controllers.VehiculoEstacionadoController.listadoMotosEstacionados(javax.servlet.http.HttpServletResponse)
2018-07-04 10:44:13.289  INFO 5264 --- [main] s.w.s.m.m.a.RequestMappingHandlerMapping : Mapped "{[/error]}" onto public org.springframework.http.ResponseEntity<java.util.Map<java.lang.String, java.lang.Object>> org.springframework.boot.autoconfigure.web.servlet.error.BasicErrorController.error(javax.servlet.http.HttpServletRequest)
2018-07-04 10:44:13.290  INFO 5264 --- [main] s.w.s.m.m.a.RequestMappingHandlerMapping : Mapped "{[/error],produces=[text/html]}" onto public org.springframework.web.servlet.ModelAndView org.springframework.boot.autoconfigure.web.servlet.error.BasicErrorController.errorHtml(javax.servlet.http.HttpServletRequest,javax.servlet.http.HttpServletResponse)
2018-07-04 10:44:13.322  INFO 5264 --- [main] o.s.w.s.handler.SimpleUrlHandlerMapping  : Mapped URL path [/webjars/**] onto handler of type [class org.springframework.web.servlet.resource.ResourceHttpRequestHandler]
2018-07-04 10:44:13.322  INFO 5264 --- [main] o.s.w.s.handler.SimpleUrlHandlerMapping  : Mapped URL path [/**] onto handler of type [class org.springframework.web.servlet.resource.ResourceHttpRequestHandler]
2018-07-04 10:44:13.341  INFO 5264 --- [main] .m.m.a.ExceptionHandlerExceptionResolver : Detected @ExceptionHandler methods in exceptionHandlerr
2018-07-04 10:44:13.679  INFO 5264 --- [main] o.s.j.e.a.AnnotationMBeanExporter        : Registering beans for JMX exposure on startup
2018-07-04 10:44:13.683  INFO 5264 --- [main] o.s.j.e.a.AnnotationMBeanExporter        : Bean with name 'dataSource' has been autodetected for JMX exposure
2018-07-04 10:44:13.689  INFO 5264 --- [main] o.s.j.e.a.AnnotationMBeanExporter        : Located MBean 'dataSource': registering with JMX server as MBean [com.zaxxer.hikari:name=dataSource,type=HikariDataSource]
2018-07-04 10:44:13.730  INFO 5264 --- [main] o.s.b.w.embedded.tomcat.TomcatWebServer  : Tomcat started on port(s): 9024 (http) with context path ''
2018-07-04 10:44:13.734  INFO 5264 --- [main] c.c.c.C.CeibaEstacionamientoApplication  : Started CeibaEstacionamientoApplication in 5.514 seconds (JVM running for 5.996)
2018-07-04 10:44:32.286  INFO 5264 --- [http-nio-9024-exec-2] o.a.c.c.C.[Tomcat].[localhost].[/]       : Initializing Spring FrameworkServlet 'dispatcherServlet'
2018-07-04 10:44:32.290  INFO 5264 --- [http-nio-9024-exec-2] o.s.web.servlet.DispatcherServlet        : FrameworkServlet 'dispatcherServlet': initialization started
2018-07-04 10:44:32.322  INFO 5264 --- [http-nio-9024-exec-2] o.s.web.servlet.DispatcherServlet        : FrameworkServlet 'dispatcherServlet': initialization completed in 30 ms
2018-07-04 10:44:32.530  INFO 5264 --- [http-nio-9024-exec-4] o.h.h.i.QueryTranslatorFactoryInitiator  : HHH000397: Using ASTQueryTranslatorFactory
2018-07-04 14:01:22.759  INFO 11724 --- [main] c.c.c.C.CeibaEstacionamientoApplication  : Starting CeibaEstacionamientoApplication on MARIA-MOLINA with PID 11724 (C:\Users\maria.molina\git\Ceiba-Estacionamiento\build\classes\java\main started by maria.molina in C:\Users\maria.molina\git\Ceiba-Estacionamiento)
2018-07-04 14:01:22.762  INFO 11724 --- [main] c.c.c.C.CeibaEstacionamientoApplication  : No active profile set, falling back to default profiles: default
2018-07-04 14:01:22.826  INFO 11724 --- [main] ConfigServletWebServerApplicationContext : Refreshing org.springframework.boot.web.servlet.context.AnnotationConfigServletWebServerApplicationContext@192d43ce: startup date [Wed Jul 04 14:01:22 COT 2018]; root of context hierarchy
2018-07-04 14:01:24.059  INFO 11724 --- [main] trationDelegate$BeanPostProcessorChecker : Bean 'org.springframework.transaction.annotation.ProxyTransactionManagementConfiguration' of type [org.springframework.transaction.annotation.ProxyTransactionManagementConfiguration$$EnhancerBySpringCGLIB$$2ed48a5c] is not eligible for getting processed by all BeanPostProcessors (for example: not eligible for auto-proxying)
2018-07-04 14:01:24.570  INFO 11724 --- [main] o.s.b.w.embedded.tomcat.TomcatWebServer  : Tomcat initialized with port(s): 9024 (http)
2018-07-04 14:01:24.606  INFO 11724 --- [main] o.apache.catalina.core.StandardService   : Starting service [Tomcat]
2018-07-04 14:01:24.606  INFO 11724 --- [main] org.apache.catalina.core.StandardEngine  : Starting Servlet Engine: Apache Tomcat/8.5.31
2018-07-04 14:01:24.617  INFO 11724 --- [localhost-startStop-1] o.a.catalina.core.AprLifecycleListener   : The APR based Apache Tomcat Native library which allows optimal performance in production environments was not found on the java.library.path: [C:\Program Files\Java\jdk1.8.0_172\bin;C:\Windows\Sun\Java\bin;C:\Windows\system32;C:\Windows;C:/Program Files/Java/jre1.8.0_172/bin/server;C:/Program Files/Java/jre1.8.0_172/bin;C:/Program Files/Java/jre1.8.0_172/lib/amd64;C:\Oracle\product\11.1.0\client_1\bin;C:\Program Files\CollabNet\Subversion Client;C:\Windows\system32;C:\Windows;C:\Windows\System32\Wbem;C:\Windows\System32\WindowsPowerShell\v1.0\;C:\Windows\System32\OpenSSH\;C:\Program Files\TortoiseSVN\bin;C:\Program Files\Git\cmd;%JAVA_HOME%\bin;C:\Program Files\nodejs\;C:\Users\maria.molina\AppData\Local\Microsoft\WindowsApps;C:\Users\maria.molina\AppData\Roaming\npm;C:\Users\maria.molina\eclipse\jee-oxygen2\eclipse;;.]
2018-07-04 14:01:24.743  INFO 11724 --- [localhost-startStop-1] o.a.c.c.C.[Tomcat].[localhost].[/]       : Initializing Spring embedded WebApplicationContext
2018-07-04 14:01:24.744  INFO 11724 --- [localhost-startStop-1] o.s.web.context.ContextLoader            : Root WebApplicationContext: initialization completed in 1918 ms
2018-07-04 14:01:24.890  INFO 11724 --- [localhost-startStop-1] o.s.b.w.servlet.ServletRegistrationBean  : Servlet dispatcherServlet mapped to [/estacionamiento/*]
2018-07-04 14:01:24.894  INFO 11724 --- [localhost-startStop-1] o.s.b.w.servlet.FilterRegistrationBean   : Mapping filter: 'characterEncodingFilter' to: [/*]
2018-07-04 14:01:24.897  INFO 11724 --- [localhost-startStop-1] o.s.b.w.servlet.FilterRegistrationBean   : Mapping filter: 'hiddenHttpMethodFilter' to: [/*]
2018-07-04 14:01:24.897  INFO 11724 --- [localhost-startStop-1] o.s.b.w.servlet.FilterRegistrationBean   : Mapping filter: 'httpPutFormContentFilter' to: [/*]
2018-07-04 14:01:24.898  INFO 11724 --- [localhost-startStop-1] o.s.b.w.servlet.FilterRegistrationBean   : Mapping filter: 'requestContextFilter' to: [/*]
2018-07-04 14:01:25.139  INFO 11724 --- [main] com.zaxxer.hikari.HikariDataSource       : HikariPool-1 - Starting...
2018-07-04 14:01:25.729  INFO 11724 --- [main] com.zaxxer.hikari.HikariDataSource       : HikariPool-1 - Start completed.
2018-07-04 14:01:25.792  INFO 11724 --- [main] j.LocalContainerEntityManagerFactoryBean : Building JPA container EntityManagerFactory for persistence unit 'default'
2018-07-04 14:01:25.811  INFO 11724 --- [main] o.hibernate.jpa.internal.util.LogHelper  : HHH000204: Processing PersistenceUnitInfo [
	name: default
	...]
2018-07-04 14:01:25.927  INFO 11724 --- [main] org.hibernate.Version                    : HHH000412: Hibernate Core {5.2.9.Final}
2018-07-04 14:01:25.932  INFO 11724 --- [main] org.hibernate.cfg.Environment            : HHH000206: hibernate.properties not found
2018-07-04 14:01:25.991  INFO 11724 --- [main] o.hibernate.annotations.common.Version   : HCANN000001: Hibernate Commons Annotations {5.0.1.Final}
2018-07-04 14:01:26.146  INFO 11724 --- [main] org.hibernate.dialect.Dialect            : HHH000400: Using dialect: org.hibernate.dialect.MySQL5Dialect
2018-07-04 14:01:26.756  INFO 11724 --- [main] j.LocalContainerEntityManagerFactoryBean : Initialized JPA EntityManagerFactory for persistence unit 'default'
2018-07-04 14:01:26.971  INFO 11724 --- [main] o.s.w.s.handler.SimpleUrlHandlerMapping  : Mapped URL path [/**/favicon.ico] onto handler of type [class org.springframework.web.servlet.resource.ResourceHttpRequestHandler]
2018-07-04 14:01:27.276  INFO 11724 --- [main] s.w.s.m.m.a.RequestMappingHandlerAdapter : Looking for @ControllerAdvice: org.springframework.boot.web.servlet.context.AnnotationConfigServletWebServerApplicationContext@192d43ce: startup date [Wed Jul 04 14:01:22 COT 2018]; root of context hierarchy
2018-07-04 14:01:27.340  WARN 11724 --- [main] aWebConfiguration$JpaWebMvcConfiguration : spring.jpa.open-in-view is enabled by default. Therefore, database queries may be performed during view rendering. Explicitly configure spring.jpa.open-in-view to disable this warning
2018-07-04 14:01:27.411  INFO 11724 --- [main] s.w.s.m.m.a.RequestMappingHandlerMapping : Mapped "{[/vehiculo],methods=[PUT]}" onto public co.com.ceiba.CeibaEstacionamiento.model.VehiculoModel co.com.ceiba.CeibaEstacionamiento.controllers.VehiculoController.salidaVehiculo(co.com.ceiba.CeibaEstacionamiento.model.VehiculoModel)
2018-07-04 14:01:27.416  INFO 11724 --- [main] s.w.s.m.m.a.RequestMappingHandlerMapping : Mapped "{[/vehiculo/contarMotos],methods=[GET]}" onto public java.lang.Integer co.com.ceiba.CeibaEstacionamiento.controllers.VehiculoController.contarMotos(javax.servlet.http.HttpServletResponse)
2018-07-04 14:01:27.417  INFO 11724 --- [main] s.w.s.m.m.a.RequestMappingHandlerMapping : Mapped "{[/vehiculo],methods=[POST]}" onto public co.com.ceiba.CeibaEstacionamiento.model.VehiculoModel co.com.ceiba.CeibaEstacionamiento.controllers.VehiculoController.crearVehiculo(co.com.ceiba.CeibaEstacionamiento.model.VehiculoModel)
2018-07-04 14:01:27.417  INFO 11724 --- [main] s.w.s.m.m.a.RequestMappingHandlerMapping : Mapped "{[/vehiculo/contarCarros],methods=[GET]}" onto public java.lang.Integer co.com.ceiba.CeibaEstacionamiento.controllers.VehiculoController.contarCarros(javax.servlet.http.HttpServletResponse)
2018-07-04 14:01:27.418  INFO 11724 --- [main] s.w.s.m.m.a.RequestMappingHandlerMapping : Mapped "{[/vehiculoestacionado/listaCarros],methods=[GET]}" onto public java.lang.String co.com.ceiba.CeibaEstacionamiento.controllers.VehiculoEstacionadoController.listadoCarrosEstacionados(javax.servlet.http.HttpServletResponse)
2018-07-04 14:01:27.421  INFO 11724 --- [main] s.w.s.m.m.a.RequestMappingHandlerMapping : Mapped "{[/vehiculoestacionado/listaMotos],methods=[GET]}" onto public java.lang.String co.com.ceiba.CeibaEstacionamiento.controllers.VehiculoEstacionadoController.listadoMotosEstacionados(javax.servlet.http.HttpServletResponse)
2018-07-04 14:01:27.422  INFO 11724 --- [main] s.w.s.m.m.a.RequestMappingHandlerMapping : Mapped "{[/vehiculoestacionado/precio],methods=[PUT]}" onto public java.lang.String co.com.ceiba.CeibaEstacionamiento.controllers.VehiculoEstacionadoController.precioEstacionamiento(co.com.ceiba.CeibaEstacionamiento.model.VehiculoModel,javax.servlet.http.HttpServletResponse)
2018-07-04 14:01:27.424  INFO 11724 --- [main] s.w.s.m.m.a.RequestMappingHandlerMapping : Mapped "{[/error]}" onto public org.springframework.http.ResponseEntity<java.util.Map<java.lang.String, java.lang.Object>> org.springframework.boot.autoconfigure.web.servlet.error.BasicErrorController.error(javax.servlet.http.HttpServletRequest)
2018-07-04 14:01:27.425  INFO 11724 --- [main] s.w.s.m.m.a.RequestMappingHandlerMapping : Mapped "{[/error],produces=[text/html]}" onto public org.springframework.web.servlet.ModelAndView org.springframework.boot.autoconfigure.web.servlet.error.BasicErrorController.errorHtml(javax.servlet.http.HttpServletRequest,javax.servlet.http.HttpServletResponse)
2018-07-04 14:01:27.450  INFO 11724 --- [main] o.s.w.s.handler.SimpleUrlHandlerMapping  : Mapped URL path [/webjars/**] onto handler of type [class org.springframework.web.servlet.resource.ResourceHttpRequestHandler]
2018-07-04 14:01:27.451  INFO 11724 --- [main] o.s.w.s.handler.SimpleUrlHandlerMapping  : Mapped URL path [/**] onto handler of type [class org.springframework.web.servlet.resource.ResourceHttpRequestHandler]
2018-07-04 14:01:27.468  INFO 11724 --- [main] .m.m.a.ExceptionHandlerExceptionResolver : Detected @ExceptionHandler methods in exceptionHandlerr
2018-07-04 14:01:27.800  INFO 11724 --- [main] o.s.j.e.a.AnnotationMBeanExporter        : Registering beans for JMX exposure on startup
2018-07-04 14:01:27.804  INFO 11724 --- [main] o.s.j.e.a.AnnotationMBeanExporter        : Bean with name 'dataSource' has been autodetected for JMX exposure
2018-07-04 14:01:27.809  INFO 11724 --- [main] o.s.j.e.a.AnnotationMBeanExporter        : Located MBean 'dataSource': registering with JMX server as MBean [com.zaxxer.hikari:name=dataSource,type=HikariDataSource]
2018-07-04 14:01:27.849  INFO 11724 --- [main] o.s.b.w.embedded.tomcat.TomcatWebServer  : Tomcat started on port(s): 9024 (http) with context path ''
2018-07-04 14:01:27.853  INFO 11724 --- [main] c.c.c.C.CeibaEstacionamientoApplication  : Started CeibaEstacionamientoApplication in 5.579 seconds (JVM running for 6.093)
